<?xml version="1.0" encoding="UTF-8"?>
<testsuite xmlns:xsi="http://www.w3.org/2001/XMLSchema-instance" xsi:noNamespaceSchemaLocation="https://maven.apache.org/surefire/maven-surefire-plugin/xsd/surefire-test-report.xsd" name="Berge_I.domain.dto.AccountTypeDtoTest" time="0.063" tests="1" errors="0" skipped="0" failures="0">
  <properties>
    <property name="java.specification.version" value="16"/>
    <property name="sun.cpu.isalist" value="amd64"/>
    <property name="sun.jnu.encoding" value="Cp1252"/>
    <property name="java.class.path" value="C:\Users\Ingwa\IdeaProjects\Project1\Project1Domain\target\test-classes;C:\Users\Ingwa\IdeaProjects\Project1\Project1Domain\target\classes;A:\Modules\2021\Semester_2\323\Programs\Maven\repo\javax\persistence\javax.persistence-api\2.2\javax.persistence-api-2.2.jar;A:\Modules\2021\Semester_2\323\Programs\Maven\repo\org\springframework\boot\spring-boot-starter-web\2.1.6.RELEASE\spring-boot-starter-web-2.1.6.RELEASE.jar;A:\Modules\2021\Semester_2\323\Programs\Maven\repo\org\springframework\boot\spring-boot-starter\2.1.6.RELEASE\spring-boot-starter-2.1.6.RELEASE.jar;A:\Modules\2021\Semester_2\323\Programs\Maven\repo\org\springframework\boot\spring-boot\2.1.6.RELEASE\spring-boot-2.1.6.RELEASE.jar;A:\Modules\2021\Semester_2\323\Programs\Maven\repo\org\springframework\boot\spring-boot-autoconfigure\2.1.6.RELEASE\spring-boot-autoconfigure-2.1.6.RELEASE.jar;A:\Modules\2021\Semester_2\323\Programs\Maven\repo\org\springframework\boot\spring-boot-starter-logging\2.1.6.RELEASE\spring-boot-starter-logging-2.1.6.RELEASE.jar;A:\Modules\2021\Semester_2\323\Programs\Maven\repo\ch\qos\logback\logback-classic\1.2.3\logback-classic-1.2.3.jar;A:\Modules\2021\Semester_2\323\Programs\Maven\repo\ch\qos\logback\logback-core\1.2.3\logback-core-1.2.3.jar;A:\Modules\2021\Semester_2\323\Programs\Maven\repo\org\apache\logging\log4j\log4j-to-slf4j\2.11.2\log4j-to-slf4j-2.11.2.jar;A:\Modules\2021\Semester_2\323\Programs\Maven\repo\org\apache\logging\log4j\log4j-api\2.11.2\log4j-api-2.11.2.jar;A:\Modules\2021\Semester_2\323\Programs\Maven\repo\org\slf4j\jul-to-slf4j\1.7.26\jul-to-slf4j-1.7.26.jar;A:\Modules\2021\Semester_2\323\Programs\Maven\repo\javax\annotation\javax.annotation-api\1.3.2\javax.annotation-api-1.3.2.jar;A:\Modules\2021\Semester_2\323\Programs\Maven\repo\org\yaml\snakeyaml\1.23\snakeyaml-1.23.jar;A:\Modules\2021\Semester_2\323\Programs\Maven\repo\org\springframework\boot\spring-boot-starter-json\2.1.6.RELEASE\spring-boot-starter-json-2.1.6.RELEASE.jar;A:\Modules\2021\Semester_2\323\Programs\Maven\repo\com\fasterxml\jackson\core\jackson-databind\2.9.9\jackson-databind-2.9.9.jar;A:\Modules\2021\Semester_2\323\Programs\Maven\repo\com\fasterxml\jackson\core\jackson-core\2.9.9\jackson-core-2.9.9.jar;A:\Modules\2021\Semester_2\323\Programs\Maven\repo\com\fasterxml\jackson\datatype\jackson-datatype-jdk8\2.9.9\jackson-datatype-jdk8-2.9.9.jar;A:\Modules\2021\Semester_2\323\Programs\Maven\repo\com\fasterxml\jackson\datatype\jackson-datatype-jsr310\2.9.9\jackson-datatype-jsr310-2.9.9.jar;A:\Modules\2021\Semester_2\323\Programs\Maven\repo\com\fasterxml\jackson\module\jackson-module-parameter-names\2.9.9\jackson-module-parameter-names-2.9.9.jar;A:\Modules\2021\Semester_2\323\Programs\Maven\repo\org\springframework\boot\spring-boot-starter-tomcat\2.1.6.RELEASE\spring-boot-starter-tomcat-2.1.6.RELEASE.jar;A:\Modules\2021\Semester_2\323\Programs\Maven\repo\org\apache\tomcat\embed\tomcat-embed-core\9.0.21\tomcat-embed-core-9.0.21.jar;A:\Modules\2021\Semester_2\323\Programs\Maven\repo\org\apache\tomcat\embed\tomcat-embed-el\9.0.21\tomcat-embed-el-9.0.21.jar;A:\Modules\2021\Semester_2\323\Programs\Maven\repo\org\apache\tomcat\embed\tomcat-embed-websocket\9.0.21\tomcat-embed-websocket-9.0.21.jar;A:\Modules\2021\Semester_2\323\Programs\Maven\repo\org\hibernate\validator\hibernate-validator\6.0.17.Final\hibernate-validator-6.0.17.Final.jar;A:\Modules\2021\Semester_2\323\Programs\Maven\repo\javax\validation\validation-api\2.0.1.Final\validation-api-2.0.1.Final.jar;A:\Modules\2021\Semester_2\323\Programs\Maven\repo\org\jboss\logging\jboss-logging\3.3.2.Final\jboss-logging-3.3.2.Final.jar;A:\Modules\2021\Semester_2\323\Programs\Maven\repo\org\springframework\spring-web\5.1.8.RELEASE\spring-web-5.1.8.RELEASE.jar;A:\Modules\2021\Semester_2\323\Programs\Maven\repo\io\springfox\springfox-swagger2\2.9.2\springfox-swagger2-2.9.2.jar;A:\Modules\2021\Semester_2\323\Programs\Maven\repo\io\swagger\swagger-models\1.5.20\swagger-models-1.5.20.jar;A:\Modules\2021\Semester_2\323\Programs\Maven\repo\com\fasterxml\jackson\core\jackson-annotations\2.9.0\jackson-annotations-2.9.0.jar;A:\Modules\2021\Semester_2\323\Programs\Maven\repo\io\springfox\springfox-spi\2.9.2\springfox-spi-2.9.2.jar;A:\Modules\2021\Semester_2\323\Programs\Maven\repo\io\springfox\springfox-core\2.9.2\springfox-core-2.9.2.jar;A:\Modules\2021\Semester_2\323\Programs\Maven\repo\io\springfox\springfox-schema\2.9.2\springfox-schema-2.9.2.jar;A:\Modules\2021\Semester_2\323\Programs\Maven\repo\io\springfox\springfox-swagger-common\2.9.2\springfox-swagger-common-2.9.2.jar;A:\Modules\2021\Semester_2\323\Programs\Maven\repo\io\springfox\springfox-spring-web\2.9.2\springfox-spring-web-2.9.2.jar;A:\Modules\2021\Semester_2\323\Programs\Maven\repo\com\google\guava\guava\20.0\guava-20.0.jar;A:\Modules\2021\Semester_2\323\Programs\Maven\repo\com\fasterxml\classmate\1.4.0\classmate-1.4.0.jar;A:\Modules\2021\Semester_2\323\Programs\Maven\repo\org\springframework\plugin\spring-plugin-core\1.2.0.RELEASE\spring-plugin-core-1.2.0.RELEASE.jar;A:\Modules\2021\Semester_2\323\Programs\Maven\repo\org\springframework\plugin\spring-plugin-metadata\1.2.0.RELEASE\spring-plugin-metadata-1.2.0.RELEASE.jar;A:\Modules\2021\Semester_2\323\Programs\Maven\repo\org\mapstruct\mapstruct\1.2.0.Final\mapstruct-1.2.0.Final.jar;A:\Modules\2021\Semester_2\323\Programs\Maven\repo\io\swagger\swagger-annotations\1.5.20\swagger-annotations-1.5.20.jar;A:\Modules\2021\Semester_2\323\Programs\Maven\repo\io\springfox\springfox-swagger-ui\2.9.2\springfox-swagger-ui-2.9.2.jar;A:\Modules\2021\Semester_2\323\Programs\Maven\repo\io\springfox\springfox-bean-validators\2.9.2\springfox-bean-validators-2.9.2.jar;A:\Modules\2021\Semester_2\323\Programs\Maven\repo\org\springframework\boot\spring-boot-starter-test\2.1.6.RELEASE\spring-boot-starter-test-2.1.6.RELEASE.jar;A:\Modules\2021\Semester_2\323\Programs\Maven\repo\org\springframework\boot\spring-boot-test\2.1.6.RELEASE\spring-boot-test-2.1.6.RELEASE.jar;A:\Modules\2021\Semester_2\323\Programs\Maven\repo\org\springframework\boot\spring-boot-test-autoconfigure\2.1.6.RELEASE\spring-boot-test-autoconfigure-2.1.6.RELEASE.jar;A:\Modules\2021\Semester_2\323\Programs\Maven\repo\com\jayway\jsonpath\json-path\2.4.0\json-path-2.4.0.jar;A:\Modules\2021\Semester_2\323\Programs\Maven\repo\net\minidev\json-smart\2.3\json-smart-2.3.jar;A:\Modules\2021\Semester_2\323\Programs\Maven\repo\net\minidev\accessors-smart\1.2\accessors-smart-1.2.jar;A:\Modules\2021\Semester_2\323\Programs\Maven\repo\org\ow2\asm\asm\5.0.4\asm-5.0.4.jar;A:\Modules\2021\Semester_2\323\Programs\Maven\repo\org\slf4j\slf4j-api\1.7.26\slf4j-api-1.7.26.jar;A:\Modules\2021\Semester_2\323\Programs\Maven\repo\junit\junit\4.12\junit-4.12.jar;A:\Modules\2021\Semester_2\323\Programs\Maven\repo\org\assertj\assertj-core\3.11.1\assertj-core-3.11.1.jar;A:\Modules\2021\Semester_2\323\Programs\Maven\repo\org\mockito\mockito-core\2.23.4\mockito-core-2.23.4.jar;A:\Modules\2021\Semester_2\323\Programs\Maven\repo\net\bytebuddy\byte-buddy\1.9.13\byte-buddy-1.9.13.jar;A:\Modules\2021\Semester_2\323\Programs\Maven\repo\net\bytebuddy\byte-buddy-agent\1.9.13\byte-buddy-agent-1.9.13.jar;A:\Modules\2021\Semester_2\323\Programs\Maven\repo\org\objenesis\objenesis\2.6\objenesis-2.6.jar;A:\Modules\2021\Semester_2\323\Programs\Maven\repo\org\hamcrest\hamcrest-core\1.3\hamcrest-core-1.3.jar;A:\Modules\2021\Semester_2\323\Programs\Maven\repo\org\hamcrest\hamcrest-library\1.3\hamcrest-library-1.3.jar;A:\Modules\2021\Semester_2\323\Programs\Maven\repo\org\skyscreamer\jsonassert\1.5.0\jsonassert-1.5.0.jar;A:\Modules\2021\Semester_2\323\Programs\Maven\repo\com\vaadin\external\google\android-json\0.0.20131108.vaadin1\android-json-0.0.20131108.vaadin1.jar;A:\Modules\2021\Semester_2\323\Programs\Maven\repo\org\springframework\spring-core\5.1.8.RELEASE\spring-core-5.1.8.RELEASE.jar;A:\Modules\2021\Semester_2\323\Programs\Maven\repo\org\springframework\spring-jcl\5.1.8.RELEASE\spring-jcl-5.1.8.RELEASE.jar;A:\Modules\2021\Semester_2\323\Programs\Maven\repo\org\springframework\spring-test\5.1.8.RELEASE\spring-test-5.1.8.RELEASE.jar;A:\Modules\2021\Semester_2\323\Programs\Maven\repo\org\xmlunit\xmlunit-core\2.6.2\xmlunit-core-2.6.2.jar;A:\Modules\2021\Semester_2\323\Programs\Maven\repo\javax\xml\bind\jaxb-api\2.3.1\jaxb-api-2.3.1.jar;A:\Modules\2021\Semester_2\323\Programs\Maven\repo\javax\activation\javax.activation-api\1.2.0\javax.activation-api-1.2.0.jar;A:\Modules\2021\Semester_2\323\Programs\Maven\repo\org\springframework\spring-webmvc\5.1.8.RELEASE\spring-webmvc-5.1.8.RELEASE.jar;A:\Modules\2021\Semester_2\323\Programs\Maven\repo\org\springframework\spring-aop\5.1.8.RELEASE\spring-aop-5.1.8.RELEASE.jar;A:\Modules\2021\Semester_2\323\Programs\Maven\repo\org\springframework\spring-beans\5.1.8.RELEASE\spring-beans-5.1.8.RELEASE.jar;A:\Modules\2021\Semester_2\323\Programs\Maven\repo\org\springframework\spring-context\5.1.8.RELEASE\spring-context-5.1.8.RELEASE.jar;A:\Modules\2021\Semester_2\323\Programs\Maven\repo\org\springframework\spring-expression\5.1.8.RELEASE\spring-expression-5.1.8.RELEASE.jar;"/>
    <property name="java.vm.vendor" value="Oracle Corporation"/>
    <property name="sun.arch.data.model" value="64"/>
    <property name="user.variant" value=""/>
    <property name="java.vendor.url" value="https://java.oracle.com/"/>
    <property name="user.timezone" value="Africa/Johannesburg"/>
    <property name="os.name" value="Windows 10"/>
    <property name="java.vm.specification.version" value="16"/>
    <property name="sun.java.launcher" value="SUN_STANDARD"/>
    <property name="user.country" value="ZA"/>
    <property name="sun.boot.library.path" value="A:\Modules\2021\Semester_2\323\Programs\Java_SE_16\JDK\bin"/>
    <property name="sun.java.command" value="C:\Users\Ingwa\AppData\Local\Temp\surefire5391477623727343330\surefirebooter12822406869738693547.jar C:\Users\Ingwa\AppData\Local\Temp\surefire5391477623727343330 2021-09-30T22-23-13_863-jvmRun1 surefire11543288447211973224tmp surefire_014977055807115486345tmp"/>
    <property name="jdk.debug" value="release"/>
    <property name="surefire.test.class.path" value="C:\Users\Ingwa\IdeaProjects\Project1\Project1Domain\target\test-classes;C:\Users\Ingwa\IdeaProjects\Project1\Project1Domain\target\classes;A:\Modules\2021\Semester_2\323\Programs\Maven\repo\javax\persistence\javax.persistence-api\2.2\javax.persistence-api-2.2.jar;A:\Modules\2021\Semester_2\323\Programs\Maven\repo\org\springframework\boot\spring-boot-starter-web\2.1.6.RELEASE\spring-boot-starter-web-2.1.6.RELEASE.jar;A:\Modules\2021\Semester_2\323\Programs\Maven\repo\org\springframework\boot\spring-boot-starter\2.1.6.RELEASE\spring-boot-starter-2.1.6.RELEASE.jar;A:\Modules\2021\Semester_2\323\Programs\Maven\repo\org\springframework\boot\spring-boot\2.1.6.RELEASE\spring-boot-2.1.6.RELEASE.jar;A:\Modules\2021\Semester_2\323\Programs\Maven\repo\org\springframework\boot\spring-boot-autoconfigure\2.1.6.RELEASE\spring-boot-autoconfigure-2.1.6.RELEASE.jar;A:\Modules\2021\Semester_2\323\Programs\Maven\repo\org\springframework\boot\spring-boot-starter-logging\2.1.6.RELEASE\spring-boot-starter-logging-2.1.6.RELEASE.jar;A:\Modules\2021\Semester_2\323\Programs\Maven\repo\ch\qos\logback\logback-classic\1.2.3\logback-classic-1.2.3.jar;A:\Modules\2021\Semester_2\323\Programs\Maven\repo\ch\qos\logback\logback-core\1.2.3\logback-core-1.2.3.jar;A:\Modules\2021\Semester_2\323\Programs\Maven\repo\org\apache\logging\log4j\log4j-to-slf4j\2.11.2\log4j-to-slf4j-2.11.2.jar;A:\Modules\2021\Semester_2\323\Programs\Maven\repo\org\apache\logging\log4j\log4j-api\2.11.2\log4j-api-2.11.2.jar;A:\Modules\2021\Semester_2\323\Programs\Maven\repo\org\slf4j\jul-to-slf4j\1.7.26\jul-to-slf4j-1.7.26.jar;A:\Modules\2021\Semester_2\323\Programs\Maven\repo\javax\annotation\javax.annotation-api\1.3.2\javax.annotation-api-1.3.2.jar;A:\Modules\2021\Semester_2\323\Programs\Maven\repo\org\yaml\snakeyaml\1.23\snakeyaml-1.23.jar;A:\Modules\2021\Semester_2\323\Programs\Maven\repo\org\springframework\boot\spring-boot-starter-json\2.1.6.RELEASE\spring-boot-starter-json-2.1.6.RELEASE.jar;A:\Modules\2021\Semester_2\323\Programs\Maven\repo\com\fasterxml\jackson\core\jackson-databind\2.9.9\jackson-databind-2.9.9.jar;A:\Modules\2021\Semester_2\323\Programs\Maven\repo\com\fasterxml\jackson\core\jackson-core\2.9.9\jackson-core-2.9.9.jar;A:\Modules\2021\Semester_2\323\Programs\Maven\repo\com\fasterxml\jackson\datatype\jackson-datatype-jdk8\2.9.9\jackson-datatype-jdk8-2.9.9.jar;A:\Modules\2021\Semester_2\323\Programs\Maven\repo\com\fasterxml\jackson\datatype\jackson-datatype-jsr310\2.9.9\jackson-datatype-jsr310-2.9.9.jar;A:\Modules\2021\Semester_2\323\Programs\Maven\repo\com\fasterxml\jackson\module\jackson-module-parameter-names\2.9.9\jackson-module-parameter-names-2.9.9.jar;A:\Modules\2021\Semester_2\323\Programs\Maven\repo\org\springframework\boot\spring-boot-starter-tomcat\2.1.6.RELEASE\spring-boot-starter-tomcat-2.1.6.RELEASE.jar;A:\Modules\2021\Semester_2\323\Programs\Maven\repo\org\apache\tomcat\embed\tomcat-embed-core\9.0.21\tomcat-embed-core-9.0.21.jar;A:\Modules\2021\Semester_2\323\Programs\Maven\repo\org\apache\tomcat\embed\tomcat-embed-el\9.0.21\tomcat-embed-el-9.0.21.jar;A:\Modules\2021\Semester_2\323\Programs\Maven\repo\org\apache\tomcat\embed\tomcat-embed-websocket\9.0.21\tomcat-embed-websocket-9.0.21.jar;A:\Modules\2021\Semester_2\323\Programs\Maven\repo\org\hibernate\validator\hibernate-validator\6.0.17.Final\hibernate-validator-6.0.17.Final.jar;A:\Modules\2021\Semester_2\323\Programs\Maven\repo\javax\validation\validation-api\2.0.1.Final\validation-api-2.0.1.Final.jar;A:\Modules\2021\Semester_2\323\Programs\Maven\repo\org\jboss\logging\jboss-logging\3.3.2.Final\jboss-logging-3.3.2.Final.jar;A:\Modules\2021\Semester_2\323\Programs\Maven\repo\org\springframework\spring-web\5.1.8.RELEASE\spring-web-5.1.8.RELEASE.jar;A:\Modules\2021\Semester_2\323\Programs\Maven\repo\io\springfox\springfox-swagger2\2.9.2\springfox-swagger2-2.9.2.jar;A:\Modules\2021\Semester_2\323\Programs\Maven\repo\io\swagger\swagger-models\1.5.20\swagger-models-1.5.20.jar;A:\Modules\2021\Semester_2\323\Programs\Maven\repo\com\fasterxml\jackson\core\jackson-annotations\2.9.0\jackson-annotations-2.9.0.jar;A:\Modules\2021\Semester_2\323\Programs\Maven\repo\io\springfox\springfox-spi\2.9.2\springfox-spi-2.9.2.jar;A:\Modules\2021\Semester_2\323\Programs\Maven\repo\io\springfox\springfox-core\2.9.2\springfox-core-2.9.2.jar;A:\Modules\2021\Semester_2\323\Programs\Maven\repo\io\springfox\springfox-schema\2.9.2\springfox-schema-2.9.2.jar;A:\Modules\2021\Semester_2\323\Programs\Maven\repo\io\springfox\springfox-swagger-common\2.9.2\springfox-swagger-common-2.9.2.jar;A:\Modules\2021\Semester_2\323\Programs\Maven\repo\io\springfox\springfox-spring-web\2.9.2\springfox-spring-web-2.9.2.jar;A:\Modules\2021\Semester_2\323\Programs\Maven\repo\com\google\guava\guava\20.0\guava-20.0.jar;A:\Modules\2021\Semester_2\323\Programs\Maven\repo\com\fasterxml\classmate\1.4.0\classmate-1.4.0.jar;A:\Modules\2021\Semester_2\323\Programs\Maven\repo\org\springframework\plugin\spring-plugin-core\1.2.0.RELEASE\spring-plugin-core-1.2.0.RELEASE.jar;A:\Modules\2021\Semester_2\323\Programs\Maven\repo\org\springframework\plugin\spring-plugin-metadata\1.2.0.RELEASE\spring-plugin-metadata-1.2.0.RELEASE.jar;A:\Modules\2021\Semester_2\323\Programs\Maven\repo\org\mapstruct\mapstruct\1.2.0.Final\mapstruct-1.2.0.Final.jar;A:\Modules\2021\Semester_2\323\Programs\Maven\repo\io\swagger\swagger-annotations\1.5.20\swagger-annotations-1.5.20.jar;A:\Modules\2021\Semester_2\323\Programs\Maven\repo\io\springfox\springfox-swagger-ui\2.9.2\springfox-swagger-ui-2.9.2.jar;A:\Modules\2021\Semester_2\323\Programs\Maven\repo\io\springfox\springfox-bean-validators\2.9.2\springfox-bean-validators-2.9.2.jar;A:\Modules\2021\Semester_2\323\Programs\Maven\repo\org\springframework\boot\spring-boot-starter-test\2.1.6.RELEASE\spring-boot-starter-test-2.1.6.RELEASE.jar;A:\Modules\2021\Semester_2\323\Programs\Maven\repo\org\springframework\boot\spring-boot-test\2.1.6.RELEASE\spring-boot-test-2.1.6.RELEASE.jar;A:\Modules\2021\Semester_2\323\Programs\Maven\repo\org\springframework\boot\spring-boot-test-autoconfigure\2.1.6.RELEASE\spring-boot-test-autoconfigure-2.1.6.RELEASE.jar;A:\Modules\2021\Semester_2\323\Programs\Maven\repo\com\jayway\jsonpath\json-path\2.4.0\json-path-2.4.0.jar;A:\Modules\2021\Semester_2\323\Programs\Maven\repo\net\minidev\json-smart\2.3\json-smart-2.3.jar;A:\Modules\2021\Semester_2\323\Programs\Maven\repo\net\minidev\accessors-smart\1.2\accessors-smart-1.2.jar;A:\Modules\2021\Semester_2\323\Programs\Maven\repo\org\ow2\asm\asm\5.0.4\asm-5.0.4.jar;A:\Modules\2021\Semester_2\323\Programs\Maven\repo\org\slf4j\slf4j-api\1.7.26\slf4j-api-1.7.26.jar;A:\Modules\2021\Semester_2\323\Programs\Maven\repo\junit\junit\4.12\junit-4.12.jar;A:\Modules\2021\Semester_2\323\Programs\Maven\repo\org\assertj\assertj-core\3.11.1\assertj-core-3.11.1.jar;A:\Modules\2021\Semester_2\323\Programs\Maven\repo\org\mockito\mockito-core\2.23.4\mockito-core-2.23.4.jar;A:\Modules\2021\Semester_2\323\Programs\Maven\repo\net\bytebuddy\byte-buddy\1.9.13\byte-buddy-1.9.13.jar;A:\Modules\2021\Semester_2\323\Programs\Maven\repo\net\bytebuddy\byte-buddy-agent\1.9.13\byte-buddy-agent-1.9.13.jar;A:\Modules\2021\Semester_2\323\Programs\Maven\repo\org\objenesis\objenesis\2.6\objenesis-2.6.jar;A:\Modules\2021\Semester_2\323\Programs\Maven\repo\org\hamcrest\hamcrest-core\1.3\hamcrest-core-1.3.jar;A:\Modules\2021\Semester_2\323\Programs\Maven\repo\org\hamcrest\hamcrest-library\1.3\hamcrest-library-1.3.jar;A:\Modules\2021\Semester_2\323\Programs\Maven\repo\org\skyscreamer\jsonassert\1.5.0\jsonassert-1.5.0.jar;A:\Modules\2021\Semester_2\323\Programs\Maven\repo\com\vaadin\external\google\android-json\0.0.20131108.vaadin1\android-json-0.0.20131108.vaadin1.jar;A:\Modules\2021\Semester_2\323\Programs\Maven\repo\org\springframework\spring-core\5.1.8.RELEASE\spring-core-5.1.8.RELEASE.jar;A:\Modules\2021\Semester_2\323\Programs\Maven\repo\org\springframework\spring-jcl\5.1.8.RELEASE\spring-jcl-5.1.8.RELEASE.jar;A:\Modules\2021\Semester_2\323\Programs\Maven\repo\org\springframework\spring-test\5.1.8.RELEASE\spring-test-5.1.8.RELEASE.jar;A:\Modules\2021\Semester_2\323\Programs\Maven\repo\org\xmlunit\xmlunit-core\2.6.2\xmlunit-core-2.6.2.jar;A:\Modules\2021\Semester_2\323\Programs\Maven\repo\javax\xml\bind\jaxb-api\2.3.1\jaxb-api-2.3.1.jar;A:\Modules\2021\Semester_2\323\Programs\Maven\repo\javax\activation\javax.activation-api\1.2.0\javax.activation-api-1.2.0.jar;A:\Modules\2021\Semester_2\323\Programs\Maven\repo\org\springframework\spring-webmvc\5.1.8.RELEASE\spring-webmvc-5.1.8.RELEASE.jar;A:\Modules\2021\Semester_2\323\Programs\Maven\repo\org\springframework\spring-aop\5.1.8.RELEASE\spring-aop-5.1.8.RELEASE.jar;A:\Modules\2021\Semester_2\323\Programs\Maven\repo\org\springframework\spring-beans\5.1.8.RELEASE\spring-beans-5.1.8.RELEASE.jar;A:\Modules\2021\Semester_2\323\Programs\Maven\repo\org\springframework\spring-context\5.1.8.RELEASE\spring-context-5.1.8.RELEASE.jar;A:\Modules\2021\Semester_2\323\Programs\Maven\repo\org\springframework\spring-expression\5.1.8.RELEASE\spring-expression-5.1.8.RELEASE.jar;"/>
    <property name="sun.cpu.endian" value="little"/>
    <property name="user.home" value="C:\Users\Ingwa"/>
    <property name="user.language" value="en"/>
    <property name="java.specification.vendor" value="Oracle Corporation"/>
    <property name="java.version.date" value="2021-07-20"/>
    <property name="java.home" value="A:\Modules\2021\Semester_2\323\Programs\Java_SE_16\JDK"/>
    <property name="file.separator" value="\"/>
    <property name="basedir" value="C:\Users\Ingwa\IdeaProjects\Project1\Project1Domain"/>
    <property name="java.vm.compressedOopsMode" value="Zero based"/>
    <property name="line.separator" value="&#10;"/>
    <property name="java.vm.specification.vendor" value="Oracle Corporation"/>
    <property name="java.specification.name" value="Java Platform API Specification"/>
    <property name="surefire.real.class.path" value="C:\Users\Ingwa\AppData\Local\Temp\surefire5391477623727343330\surefirebooter12822406869738693547.jar"/>
    <property name="user.script" value=""/>
    <property name="sun.management.compiler" value="HotSpot 64-Bit Tiered Compilers"/>
    <property name="java.runtime.version" value="16.0.2+7-67"/>
    <property name="user.name" value="Ingwa"/>
    <property name="path.separator" value=";"/>
    <property name="os.version" value="10.0"/>
    <property name="java.runtime.name" value="Java(TM) SE Runtime Environment"/>
    <property name="file.encoding" value="Cp1252"/>
    <property name="java.vm.name" value="Java HotSpot(TM) 64-Bit Server VM"/>
    <property name="localRepository" value="A:\Modules\2021\Semester_2\323\Programs\Maven\repo"/>
    <property name="java.vendor.url.bug" value="https://bugreport.java.com/bugreport/"/>
    <property name="java.io.tmpdir" value="C:\Users\Ingwa\AppData\Local\Temp\"/>
    <property name="idea.version" value="2021.2"/>
    <property name="java.version" value="16.0.2"/>
    <property name="user.dir" value="C:\Users\Ingwa\IdeaProjects\Project1\Project1Domain"/>
    <property name="os.arch" value="amd64"/>
    <property name="java.vm.specification.name" value="Java Virtual Machine Specification"/>
    <property name="sun.os.patch.level" value=""/>
    <property name="java.library.path" value="A:\Modules\2021\Semester_2\323\Programs\Java_SE_16\JDK\bin;C:\Windows\Sun\Java\bin;C:\Windows\system32;C:\Windows;A:\Oracle\app\oracle\product\11.2.0\server\bin;;C:\Program Files\Common Files\Oracle\Java\javapath;C:\Program Files (x86)\Common Files\Oracle\Java\javapath;C:\Windows\system32;C:\Windows;C:\Windows\System32\Wbem;C:\Windows\System32\WindowsPowerShell\v1.0\;C:\Windows\System32\OpenSSH\;C:\Program Files (x86)\Intel\Intel(R) Management Engine Components\DAL;C:\Program Files\Intel\Intel(R) Management Engine Components\DAL;C:\Program Files\Intel\WiFi\bin\;C:\Program Files\Common Files\Intel\WirelessCommon\;C:\Program Files (x86)\NVIDIA Corporation\PhysX\Common;C:\Program Files\NVIDIA Corporation\NVIDIA NvDLISR;A:\Modules\2021\Semester 2\323\Git\Git\cmd;C:\Program Files\Docker\Docker\resources\bin;C:\ProgramData\DockerDesktop\version-bin;C:\Users\Ingwa\AppData\Local\Microsoft\WindowsApps;C:\Program Files\Intel\WiFi\bin\;C:\Program Files\Common Files\Intel\WirelessCommon\;A:\Modules\2021\VS\Microsoft VS Code\bin;A:\Modules\2021\Semester_2\323\Programs\Maven\apache-maven-3.8.1\bin;A:\Modules\2021\Semester_2\323\Programs\Java_SE_16\JDK\bin;;."/>
    <property name="java.vm.info" value="mixed mode, sharing"/>
    <property name="java.vendor" value="Oracle Corporation"/>
    <property name="java.vm.version" value="16.0.2+7-67"/>
    <property name="sun.io.unicode.encoding" value="UnicodeLittle"/>
    <property name="maven.repo.local" value="A:\Modules\2021\Semester_2\323\Programs\Maven\repo"/>
    <property name="java.class.version" value="60.0"/>
  </properties>
  <testcase name="getMnemonic" classname="Berge_I.domain.dto.AccountTypeDtoTest" time="0.004"/>
</testsuite>